running egg_info
creating ../../build/rishith_assn_2/rishith_assn_2.egg-info
writing ../../build/rishith_assn_2/rishith_assn_2.egg-info/PKG-INFO
writing dependency_links to ../../build/rishith_assn_2/rishith_assn_2.egg-info/dependency_links.txt
writing entry points to ../../build/rishith_assn_2/rishith_assn_2.egg-info/entry_points.txt
writing requirements to ../../build/rishith_assn_2/rishith_assn_2.egg-info/requires.txt
writing top-level names to ../../build/rishith_assn_2/rishith_assn_2.egg-info/top_level.txt
writing manifest file '../../build/rishith_assn_2/rishith_assn_2.egg-info/SOURCES.txt'
reading manifest file '../../build/rishith_assn_2/rishith_assn_2.egg-info/SOURCES.txt'
writing manifest file '../../build/rishith_assn_2/rishith_assn_2.egg-info/SOURCES.txt'
running build
running build_py
creating /home/rishith/mrt_ws_new/build/rishith_assn_2/build
creating /home/rishith/mrt_ws_new/build/rishith_assn_2/build/lib
creating /home/rishith/mrt_ws_new/build/rishith_assn_2/build/lib/rishith_assn_2
copying rishith_assn_2/__init__.py -> /home/rishith/mrt_ws_new/build/rishith_assn_2/build/lib/rishith_assn_2
running install
/usr/lib/python3/dist-packages/setuptools/command/install.py:34: SetuptoolsDeprecationWarning: setup.py install is deprecated. Use build and pip and other standards-based tools.
  warnings.warn(
running install_lib
creating /home/rishith/mrt_ws_new/install/rishith_assn_2/lib/python3.10/site-packages/rishith_assn_2
copying /home/rishith/mrt_ws_new/build/rishith_assn_2/build/lib/rishith_assn_2/__init__.py -> /home/rishith/mrt_ws_new/install/rishith_assn_2/lib/python3.10/site-packages/rishith_assn_2
byte-compiling /home/rishith/mrt_ws_new/install/rishith_assn_2/lib/python3.10/site-packages/rishith_assn_2/__init__.py to __init__.cpython-310.pyc
running install_data
creating /home/rishith/mrt_ws_new/install/rishith_assn_2/share/ament_index
creating /home/rishith/mrt_ws_new/install/rishith_assn_2/share/ament_index/resource_index
creating /home/rishith/mrt_ws_new/install/rishith_assn_2/share/ament_index/resource_index/packages
copying resource/rishith_assn_2 -> /home/rishith/mrt_ws_new/install/rishith_assn_2/share/ament_index/resource_index/packages
copying package.xml -> /home/rishith/mrt_ws_new/install/rishith_assn_2/share/rishith_assn_2
running install_egg_info
Copying ../../build/rishith_assn_2/rishith_assn_2.egg-info to /home/rishith/mrt_ws_new/install/rishith_assn_2/lib/python3.10/site-packages/rishith_assn_2-0.0.0-py3.10.egg-info
running install_scripts
writing list of installed files to '/home/rishith/mrt_ws_new/build/rishith_assn_2/install.log'
