[0.674s] Invoking command in '/home/rishith/mrt_ws_new/src/rishith_assn_2': PYTHONPATH=/home/rishith/mrt_ws_new/build/rishith_assn_2/prefix_override:/home/rishith/mrt_ws_new/install/rishith_assn_2/lib/python3.10/site-packages:${PYTHONPATH} /usr/bin/python3 setup.py egg_info --egg-base ../../build/rishith_assn_2 build --build-base /home/rishith/mrt_ws_new/build/rishith_assn_2/build install --record /home/rishith/mrt_ws_new/build/rishith_assn_2/install.log --single-version-externally-managed
[0.886s] running egg_info
[0.887s] writing ../../build/rishith_assn_2/rishith_assn_2.egg-info/PKG-INFO
[0.888s] writing dependency_links to ../../build/rishith_assn_2/rishith_assn_2.egg-info/dependency_links.txt
[0.888s] writing entry points to ../../build/rishith_assn_2/rishith_assn_2.egg-info/entry_points.txt
[0.888s] writing requirements to ../../build/rishith_assn_2/rishith_assn_2.egg-info/requires.txt
[0.888s] writing top-level names to ../../build/rishith_assn_2/rishith_assn_2.egg-info/top_level.txt
[0.889s] reading manifest file '../../build/rishith_assn_2/rishith_assn_2.egg-info/SOURCES.txt'
[0.890s] writing manifest file '../../build/rishith_assn_2/rishith_assn_2.egg-info/SOURCES.txt'
[0.890s] running build
[0.890s] running build_py
[0.890s] running install
[0.890s] running install_lib
[0.891s] running install_data
[0.891s] running install_egg_info
[0.892s] removing '/home/rishith/mrt_ws_new/install/rishith_assn_2/lib/python3.10/site-packages/rishith_assn_2-0.0.0-py3.10.egg-info' (and everything under it)
[0.892s] Copying ../../build/rishith_assn_2/rishith_assn_2.egg-info to /home/rishith/mrt_ws_new/install/rishith_assn_2/lib/python3.10/site-packages/rishith_assn_2-0.0.0-py3.10.egg-info
[0.893s] running install_scripts
[0.911s] writing list of installed files to '/home/rishith/mrt_ws_new/build/rishith_assn_2/install.log'
[0.941s] Invoked command in '/home/rishith/mrt_ws_new/src/rishith_assn_2' returned '0': PYTHONPATH=/home/rishith/mrt_ws_new/build/rishith_assn_2/prefix_override:/home/rishith/mrt_ws_new/install/rishith_assn_2/lib/python3.10/site-packages:${PYTHONPATH} /usr/bin/python3 setup.py egg_info --egg-base ../../build/rishith_assn_2 build --build-base /home/rishith/mrt_ws_new/build/rishith_assn_2/build install --record /home/rishith/mrt_ws_new/build/rishith_assn_2/install.log --single-version-externally-managed
