[0.341s] Invoking command in '/home/rishith/mrt_ws_new/src/rishith_assn_2': PYTHONPATH=/home/rishith/mrt_ws_new/build/rishith_assn_2/prefix_override:/home/rishith/mrt_ws_new/install/rishith_assn_2/lib/python3.10/site-packages:${PYTHONPATH} /usr/bin/python3 setup.py egg_info --egg-base ../../build/rishith_assn_2 build --build-base /home/rishith/mrt_ws_new/build/rishith_assn_2/build install --record /home/rishith/mrt_ws_new/build/rishith_assn_2/install.log --single-version-externally-managed
[0.467s] running egg_info
[0.467s] writing ../../build/rishith_assn_2/rishith_assn_2.egg-info/PKG-INFO
[0.467s] writing dependency_links to ../../build/rishith_assn_2/rishith_assn_2.egg-info/dependency_links.txt
[0.467s] writing entry points to ../../build/rishith_assn_2/rishith_assn_2.egg-info/entry_points.txt
[0.467s] writing requirements to ../../build/rishith_assn_2/rishith_assn_2.egg-info/requires.txt
[0.467s] writing top-level names to ../../build/rishith_assn_2/rishith_assn_2.egg-info/top_level.txt
[0.468s] reading manifest file '../../build/rishith_assn_2/rishith_assn_2.egg-info/SOURCES.txt'
[0.468s] writing manifest file '../../build/rishith_assn_2/rishith_assn_2.egg-info/SOURCES.txt'
[0.469s] running build
[0.469s] running build_py
[0.469s] copying rishith_assn_2/setup.py -> /home/rishith/mrt_ws_new/build/rishith_assn_2/build/lib/rishith_assn_2
[0.469s] running install
[0.469s] running install_lib
[0.469s] copying /home/rishith/mrt_ws_new/build/rishith_assn_2/build/lib/rishith_assn_2/setup.py -> /home/rishith/mrt_ws_new/install/rishith_assn_2/lib/python3.10/site-packages/rishith_assn_2
[0.470s] byte-compiling /home/rishith/mrt_ws_new/install/rishith_assn_2/lib/python3.10/site-packages/rishith_assn_2/setup.py to setup.cpython-310.pyc
[0.470s] running install_data
[0.470s] running install_egg_info
[0.471s] removing '/home/rishith/mrt_ws_new/install/rishith_assn_2/lib/python3.10/site-packages/rishith_assn_2-0.0.0-py3.10.egg-info' (and everything under it)
[0.471s] Copying ../../build/rishith_assn_2/rishith_assn_2.egg-info to /home/rishith/mrt_ws_new/install/rishith_assn_2/lib/python3.10/site-packages/rishith_assn_2-0.0.0-py3.10.egg-info
[0.471s] running install_scripts
[0.483s] Installing d_rover1 script to /home/rishith/mrt_ws_new/install/rishith_assn_2/lib/rishith_assn_2
[0.484s] Installing d_rover2 script to /home/rishith/mrt_ws_new/install/rishith_assn_2/lib/rishith_assn_2
[0.484s] Installing d_rover3 script to /home/rishith/mrt_ws_new/install/rishith_assn_2/lib/rishith_assn_2
[0.484s] Installing d_rover4 script to /home/rishith/mrt_ws_new/install/rishith_assn_2/lib/rishith_assn_2
[0.484s] writing list of installed files to '/home/rishith/mrt_ws_new/build/rishith_assn_2/install.log'
[0.498s] Invoked command in '/home/rishith/mrt_ws_new/src/rishith_assn_2' returned '0': PYTHONPATH=/home/rishith/mrt_ws_new/build/rishith_assn_2/prefix_override:/home/rishith/mrt_ws_new/install/rishith_assn_2/lib/python3.10/site-packages:${PYTHONPATH} /usr/bin/python3 setup.py egg_info --egg-base ../../build/rishith_assn_2 build --build-base /home/rishith/mrt_ws_new/build/rishith_assn_2/build install --record /home/rishith/mrt_ws_new/build/rishith_assn_2/install.log --single-version-externally-managed
