[0.416s] Invoking command in '/home/rishith/mrt_ws_new/src/rishith_assn_2': PYTHONPATH=/home/rishith/mrt_ws_new/build/rishith_assn_2/prefix_override:/home/rishith/mrt_ws_new/install/rishith_assn_2/lib/python3.10/site-packages:${PYTHONPATH} /usr/bin/python3 setup.py egg_info --egg-base ../../build/rishith_assn_2 build --build-base /home/rishith/mrt_ws_new/build/rishith_assn_2/build install --record /home/rishith/mrt_ws_new/build/rishith_assn_2/install.log --single-version-externally-managed
[0.562s] running egg_info
[0.562s] writing ../../build/rishith_assn_2/rishith_assn_2.egg-info/PKG-INFO
[0.563s] writing dependency_links to ../../build/rishith_assn_2/rishith_assn_2.egg-info/dependency_links.txt
[0.563s] writing entry points to ../../build/rishith_assn_2/rishith_assn_2.egg-info/entry_points.txt
[0.563s] writing requirements to ../../build/rishith_assn_2/rishith_assn_2.egg-info/requires.txt
[0.563s] writing top-level names to ../../build/rishith_assn_2/rishith_assn_2.egg-info/top_level.txt
[0.564s] reading manifest file '../../build/rishith_assn_2/rishith_assn_2.egg-info/SOURCES.txt'
[0.565s] writing manifest file '../../build/rishith_assn_2/rishith_assn_2.egg-info/SOURCES.txt'
[0.565s] running build
[0.565s] running build_py
[0.566s] running install
[0.566s] running install_lib
[0.568s] byte-compiling /home/rishith/mrt_ws_new/install/rishith_assn_2/lib/python3.10/site-packages/rishith_assn_2/setup.py to setup.cpython-310.pyc
[0.568s]   File "/home/rishith/mrt_ws_new/install/rishith_assn_2/lib/python3.10/site-packages/rishith_assn_2/setup.py", line 17
[0.568s]     ],
[0.568s]     ^
[0.568s] SyntaxError: closing parenthesis ']' does not match opening parenthesis '(' on line 16
[0.568s] 
[0.568s] running install_data
[0.568s] copying package.xml -> /home/rishith/mrt_ws_new/install/rishith_assn_2/share/rishith_assn_2
[0.568s] running install_egg_info
[0.570s] removing '/home/rishith/mrt_ws_new/install/rishith_assn_2/lib/python3.10/site-packages/rishith_assn_2-0.0.0-py3.10.egg-info' (and everything under it)
[0.570s] Copying ../../build/rishith_assn_2/rishith_assn_2.egg-info to /home/rishith/mrt_ws_new/install/rishith_assn_2/lib/python3.10/site-packages/rishith_assn_2-0.0.0-py3.10.egg-info
[0.570s] running install_scripts
[0.587s] Installing d_rover1 script to /home/rishith/mrt_ws_new/install/rishith_assn_2/lib/rishith_assn_2
[0.587s] Installing d_rover2 script to /home/rishith/mrt_ws_new/install/rishith_assn_2/lib/rishith_assn_2
[0.587s] Installing d_rover3 script to /home/rishith/mrt_ws_new/install/rishith_assn_2/lib/rishith_assn_2
[0.587s] Installing d_rover4 script to /home/rishith/mrt_ws_new/install/rishith_assn_2/lib/rishith_assn_2
[0.587s] writing list of installed files to '/home/rishith/mrt_ws_new/build/rishith_assn_2/install.log'
[0.605s] Invoked command in '/home/rishith/mrt_ws_new/src/rishith_assn_2' returned '0': PYTHONPATH=/home/rishith/mrt_ws_new/build/rishith_assn_2/prefix_override:/home/rishith/mrt_ws_new/install/rishith_assn_2/lib/python3.10/site-packages:${PYTHONPATH} /usr/bin/python3 setup.py egg_info --egg-base ../../build/rishith_assn_2 build --build-base /home/rishith/mrt_ws_new/build/rishith_assn_2/build install --record /home/rishith/mrt_ws_new/build/rishith_assn_2/install.log --single-version-externally-managed
