[0.816s] DEBUG:colcon:Command line arguments: ['/usr/bin/colcon', 'list', '-p', '--base-paths', '/home/rishith/mrt_ws_new']
[0.816s] DEBUG:colcon:Parsed command line arguments: Namespace(log_base=None, log_level=None, verb_name='list', build_base='build', ignore_user_meta=False, metas=['./colcon.meta'], base_paths=['/home/rishith/mrt_ws_new'], packages_ignore=None, packages_ignore_regex=None, paths=None, packages_up_to=None, packages_up_to_regex=None, packages_above=None, packages_above_and_dependencies=None, packages_above_depth=None, packages_select_by_dep=None, packages_skip_by_dep=None, packages_skip_up_to=None, packages_select_build_failed=False, packages_skip_build_finished=False, packages_select_test_failures=False, packages_skip_test_passed=False, packages_select=None, packages_skip=None, packages_select_regex=None, packages_skip_regex=None, packages_start=None, packages_end=None, allow_overriding=[], topological_order=False, names_only=False, paths_only=True, topological_graph=False, topological_graph_dot=False, topological_graph_density=False, topological_graph_legend=False, topological_graph_dot_cluster=False, topological_graph_dot_include_skipped=False, verb_parser=<colcon_defaults.argument_parser.defaults.DefaultArgumentsDecorator object at 0x7f9138debd30>, verb_extension=<colcon_package_information.verb.list.ListVerb object at 0x7f9138d89090>, main=<bound method ListVerb.main of <colcon_package_information.verb.list.ListVerb object at 0x7f9138d89090>>)
[0.875s] Level 1:colcon.colcon_core.package_discovery:discover_packages(colcon_meta) check parameters
[0.875s] Level 1:colcon.colcon_core.package_discovery:discover_packages(recursive) check parameters
[0.875s] Level 1:colcon.colcon_core.package_discovery:discover_packages(ignore) check parameters
[0.875s] Level 1:colcon.colcon_core.package_discovery:discover_packages(path) check parameters
[0.875s] Level 1:colcon.colcon_core.package_discovery:discover_packages(recursive) discover
[0.875s] INFO:colcon.colcon_core.package_discovery:Crawling recursively for packages in '/home/rishith/mrt_ws_new'
[0.876s] Level 1:colcon.colcon_core.package_identification:_identify(/home/rishith/mrt_ws_new) by extensions ['ignore', 'ignore_ament_install']
[0.876s] Level 1:colcon.colcon_core.package_identification:_identify(/home/rishith/mrt_ws_new) by extension 'ignore'
[0.876s] Level 1:colcon.colcon_core.package_identification:_identify(/home/rishith/mrt_ws_new) by extension 'ignore_ament_install'
[0.876s] Level 1:colcon.colcon_core.package_identification:_identify(/home/rishith/mrt_ws_new) by extensions ['colcon_pkg']
[0.876s] Level 1:colcon.colcon_core.package_identification:_identify(/home/rishith/mrt_ws_new) by extension 'colcon_pkg'
[0.876s] Level 1:colcon.colcon_core.package_identification:_identify(/home/rishith/mrt_ws_new) by extensions ['colcon_meta']
[0.876s] Level 1:colcon.colcon_core.package_identification:_identify(/home/rishith/mrt_ws_new) by extension 'colcon_meta'
[0.876s] Level 1:colcon.colcon_core.package_identification:_identify(/home/rishith/mrt_ws_new) by extensions ['ros']
[0.876s] Level 1:colcon.colcon_core.package_identification:_identify(/home/rishith/mrt_ws_new) by extension 'ros'
[0.890s] Level 1:colcon.colcon_core.package_identification:_identify(/home/rishith/mrt_ws_new) by extensions ['cmake', 'python']
[0.890s] Level 1:colcon.colcon_core.package_identification:_identify(/home/rishith/mrt_ws_new) by extension 'cmake'
[0.890s] Level 1:colcon.colcon_core.package_identification:_identify(/home/rishith/mrt_ws_new) by extension 'python'
[0.890s] Level 1:colcon.colcon_core.package_identification:_identify(/home/rishith/mrt_ws_new) by extensions ['python_setup_py']
[0.890s] Level 1:colcon.colcon_core.package_identification:_identify(/home/rishith/mrt_ws_new) by extension 'python_setup_py'
[0.890s] Level 1:colcon.colcon_core.package_identification:_identify(/home/rishith/mrt_ws_new/build) by extensions ['ignore', 'ignore_ament_install']
[0.891s] Level 1:colcon.colcon_core.package_identification:_identify(/home/rishith/mrt_ws_new/build) by extension 'ignore'
[0.891s] Level 1:colcon.colcon_core.package_identification:_identify(/home/rishith/mrt_ws_new/build) ignored
[0.891s] Level 1:colcon.colcon_core.package_identification:_identify(/home/rishith/mrt_ws_new/install) by extensions ['ignore', 'ignore_ament_install']
[0.891s] Level 1:colcon.colcon_core.package_identification:_identify(/home/rishith/mrt_ws_new/install) by extension 'ignore'
[0.891s] Level 1:colcon.colcon_core.package_identification:_identify(/home/rishith/mrt_ws_new/install) ignored
[0.891s] Level 1:colcon.colcon_core.package_identification:_identify(/home/rishith/mrt_ws_new/log) by extensions ['ignore', 'ignore_ament_install']
[0.891s] Level 1:colcon.colcon_core.package_identification:_identify(/home/rishith/mrt_ws_new/log) by extension 'ignore'
[0.891s] Level 1:colcon.colcon_core.package_identification:_identify(/home/rishith/mrt_ws_new/log) ignored
[0.891s] Level 1:colcon.colcon_core.package_identification:_identify(/home/rishith/mrt_ws_new/src) by extensions ['ignore', 'ignore_ament_install']
[0.891s] Level 1:colcon.colcon_core.package_identification:_identify(/home/rishith/mrt_ws_new/src) by extension 'ignore'
[0.891s] Level 1:colcon.colcon_core.package_identification:_identify(/home/rishith/mrt_ws_new/src) by extension 'ignore_ament_install'
[0.892s] Level 1:colcon.colcon_core.package_identification:_identify(/home/rishith/mrt_ws_new/src) by extensions ['colcon_pkg']
[0.892s] Level 1:colcon.colcon_core.package_identification:_identify(/home/rishith/mrt_ws_new/src) by extension 'colcon_pkg'
[0.892s] Level 1:colcon.colcon_core.package_identification:_identify(/home/rishith/mrt_ws_new/src) by extensions ['colcon_meta']
[0.892s] Level 1:colcon.colcon_core.package_identification:_identify(/home/rishith/mrt_ws_new/src) by extension 'colcon_meta'
[0.892s] Level 1:colcon.colcon_core.package_identification:_identify(/home/rishith/mrt_ws_new/src) by extensions ['ros']
[0.892s] Level 1:colcon.colcon_core.package_identification:_identify(/home/rishith/mrt_ws_new/src) by extension 'ros'
[0.892s] Level 1:colcon.colcon_core.package_identification:_identify(/home/rishith/mrt_ws_new/src) by extensions ['cmake', 'python']
[0.892s] Level 1:colcon.colcon_core.package_identification:_identify(/home/rishith/mrt_ws_new/src) by extension 'cmake'
[0.892s] Level 1:colcon.colcon_core.package_identification:_identify(/home/rishith/mrt_ws_new/src) by extension 'python'
[0.892s] Level 1:colcon.colcon_core.package_identification:_identify(/home/rishith/mrt_ws_new/src) by extensions ['python_setup_py']
[0.892s] Level 1:colcon.colcon_core.package_identification:_identify(/home/rishith/mrt_ws_new/src) by extension 'python_setup_py'
[0.892s] Level 1:colcon.colcon_core.package_identification:_identify(/home/rishith/mrt_ws_new/src/rishith_assn_2) by extensions ['ignore', 'ignore_ament_install']
[0.892s] Level 1:colcon.colcon_core.package_identification:_identify(/home/rishith/mrt_ws_new/src/rishith_assn_2) by extension 'ignore'
[0.892s] Level 1:colcon.colcon_core.package_identification:_identify(/home/rishith/mrt_ws_new/src/rishith_assn_2) by extension 'ignore_ament_install'
[0.892s] Level 1:colcon.colcon_core.package_identification:_identify(/home/rishith/mrt_ws_new/src/rishith_assn_2) by extensions ['colcon_pkg']
[0.892s] Level 1:colcon.colcon_core.package_identification:_identify(/home/rishith/mrt_ws_new/src/rishith_assn_2) by extension 'colcon_pkg'
[0.892s] Level 1:colcon.colcon_core.package_identification:_identify(/home/rishith/mrt_ws_new/src/rishith_assn_2) by extensions ['colcon_meta']
[0.892s] Level 1:colcon.colcon_core.package_identification:_identify(/home/rishith/mrt_ws_new/src/rishith_assn_2) by extension 'colcon_meta'
[0.892s] Level 1:colcon.colcon_core.package_identification:_identify(/home/rishith/mrt_ws_new/src/rishith_assn_2) by extensions ['ros']
[0.893s] Level 1:colcon.colcon_core.package_identification:_identify(/home/rishith/mrt_ws_new/src/rishith_assn_2) by extension 'ros'
[0.894s] DEBUG:colcon.colcon_core.package_identification:Failed to parse potential ROS package manifest in'/home/rishith/mrt_ws_new/src/rishith_assn_2': Error(s) in package '/home/rishith/mrt_ws_new/src/rishith_assn_2/package.xml':
The manifest contains invalid XML:
mismatched tag: line 24, column 2
[0.894s] Level 1:colcon.colcon_core.package_identification:_identify(/home/rishith/mrt_ws_new/src/rishith_assn_2) by extensions ['cmake', 'python']
[0.894s] Level 1:colcon.colcon_core.package_identification:_identify(/home/rishith/mrt_ws_new/src/rishith_assn_2) by extension 'cmake'
[0.894s] Level 1:colcon.colcon_core.package_identification:_identify(/home/rishith/mrt_ws_new/src/rishith_assn_2) by extension 'python'
[0.894s] DEBUG:colcon.colcon_core.package_identification:Python package in '/home/rishith/mrt_ws_new/src/rishith_assn_2' passes arguments to the setup() function which requires a different identification extension than 'python'
[0.894s] Level 1:colcon.colcon_core.package_identification:_identify(/home/rishith/mrt_ws_new/src/rishith_assn_2) by extensions ['python_setup_py']
[0.894s] Level 1:colcon.colcon_core.package_identification:_identify(/home/rishith/mrt_ws_new/src/rishith_assn_2) by extension 'python_setup_py'
[1.205s] DEBUG:colcon.colcon_core.package_identification:Package '/home/rishith/mrt_ws_new/src/rishith_assn_2' with type 'python' and name 'rishith_assn_2'
[1.206s] Level 1:colcon.colcon_core.package_discovery:discover_packages(recursive) using defaults
